Using pre-set license
Built from '2020.3/staging' branch; Version is '2020.3.23f1 (c5d91304a876) revision 12966163'; Using compiler version '192528614'; Build Type 'Release'
OS: 'Windows 10 Pro; OS build 22000.318; Version 2009; 64bit' Language: 'en' Physical Memory: 16286 MB
BatchMode: 1, IsHumanControllingUs: 0, StartBugReporterOnCrash: 0, Is64bit: 1, IsPro: 0

COMMAND LINE ARGUMENTS:
C:\Program Files\Unity\Hub\Editor\2020.3.23f1\Editor\Unity.exe
-adb2
-batchMode
-noUpm
-name
AssetImportWorker0
-projectPath
C:/Users/sean/New Unity Project
-logFile
Logs/AssetImportWorker0.log
-srvPort
56783
Successfully changed project path to: C:/Users/sean/New Unity Project
C:/Users/sean/New Unity Project
Using Asset Import Pipeline V2.
Refreshing native plugins compatible for Editor in 38.71 ms, found 3 plugins.
Preloading 0 native plugins for Editor in 0.00 ms.
Initialize engine version: 2020.3.23f1 (c5d91304a876)
[Subsystems] Discovering subsystems at path C:/Program Files/Unity/Hub/Editor/2020.3.23f1/Editor/Data/Resources/UnitySubsystems
[Subsystems] Discovering subsystems at path C:/Users/sean/New Unity Project/Assets
GfxDevice: creating device client; threaded=0
Direct3D:
    Version:  Direct3D 11.0 [level 11.1]
    Renderer: AMD Radeon RX 6800 XT (ID=0x73bf)
    Vendor:   
    VRAM:     16338 MB
    Driver:   30.0.13025.5005
Initialize mono
Mono path[0] = 'C:/Program Files/Unity/Hub/Editor/2020.3.23f1/Editor/Data/Managed'
Mono path[1] = 'C:/Program Files/Unity/Hub/Editor/2020.3.23f1/Editor/Data/MonoBleedingEdge/lib/mono/unityjit'
Mono config path = 'C:/Program Files/Unity/Hub/Editor/2020.3.23f1/Editor/Data/MonoBleedingEdge/etc'
Using monoOptions --debugger-agent=transport=dt_socket,embedding=1,server=y,suspend=n,address=127.0.0.1:56284
Begin MonoManager ReloadAssembly
Registering precompiled unity dll's ...
Register platform support module: C:/Program Files/Unity/Hub/Editor/2020.3.23f1/Editor/Data/PlaybackEngines/WindowsStandaloneSupport/UnityEditor.WindowsStandalone.Extensions.dll
Registered in 0.001075 seconds.
Native extension for WindowsStandalone target not found
Refreshing native plugins compatible for Editor in 37.50 ms, found 3 plugins.
Preloading 0 native plugins for Editor in 0.00 ms.
Mono: successfully reloaded assembly
- Completed reload, in  0.490 seconds
Domain Reload Profiling:
	ReloadAssembly (490ms)
		BeginReloadAssembly (42ms)
			ExecutionOrderSort (0ms)
			DisableScriptedObjects (0ms)
			BackupInstance (0ms)
			ReleaseScriptingObjects (0ms)
			CreateAndSetChildDomain (1ms)
		EndReloadAssembly (388ms)
			LoadAssemblies (40ms)
			RebuildTransferFunctionScriptingTraits (0ms)
			SetupTypeCache (130ms)
			ReleaseScriptCaches (0ms)
			RebuildScriptCaches (26ms)
			SetupLoadedEditorAssemblies (144ms)
				LogAssemblyErrors (0ms)
				InitializePlatformSupportModulesInManaged (4ms)
				SetLoadedEditorAssemblies (0ms)
				RefreshPlugins (38ms)
				BeforeProcessingInitializeOnLoad (8ms)
				ProcessInitializeOnLoadAttributes (70ms)
				ProcessInitializeOnLoadMethodAttributes (24ms)
				AfterProcessingInitializeOnLoad (0ms)
				EditorAssembliesLoaded (0ms)
			ExecutionOrderSort2 (0ms)
			AwakeInstancesAfterBackupRestoration (0ms)
Platform modules already initialized, skipping
Registering precompiled user dll's ...
Registered in 0.004619 seconds.
Begin MonoManager ReloadAssembly
Native extension for WindowsStandalone target not found
Refreshing native plugins compatible for Editor in 37.90 ms, found 3 plugins.
Preloading 0 native plugins for Editor in 0.00 ms.
Mono: successfully reloaded assembly
- Completed reload, in  0.984 seconds
Domain Reload Profiling:
	ReloadAssembly (985ms)
		BeginReloadAssembly (134ms)
			ExecutionOrderSort (0ms)
			DisableScriptedObjects (4ms)
			BackupInstance (0ms)
			ReleaseScriptingObjects (0ms)
			CreateAndSetChildDomain (20ms)
		EndReloadAssembly (795ms)
			LoadAssemblies (80ms)
			RebuildTransferFunctionScriptingTraits (0ms)
			SetupTypeCache (272ms)
			ReleaseScriptCaches (0ms)
			RebuildScriptCaches (44ms)
			SetupLoadedEditorAssemblies (289ms)
				LogAssemblyErrors (0ms)
				InitializePlatformSupportModulesInManaged (3ms)
				SetLoadedEditorAssemblies (0ms)
				RefreshPlugins (38ms)
				BeforeProcessingInitializeOnLoad (55ms)
				ProcessInitializeOnLoadAttributes (175ms)
				ProcessInitializeOnLoadMethodAttributes (14ms)
				AfterProcessingInitializeOnLoad (4ms)
				EditorAssembliesLoaded (0ms)
			ExecutionOrderSort2 (0ms)
			AwakeInstancesAfterBackupRestoration (5ms)
Platform modules already initialized, skipping
========================================================================
Worker process is ready to serve import requests
Launched and connected shader compiler UnityShaderCompiler.exe after 0.04 seconds
Refreshing native plugins compatible for Editor in 0.53 ms, found 3 plugins.
Preloading 0 native plugins for Editor in 0.00 ms.
Unloading 2213 Unused Serialized files (Serialized files now loaded: 0)
System memory in use before: 97.1 MB.
System memory in use after: 97.2 MB.

Unloading 32 unused Assets to reduce memory usage. Loaded Objects now: 2669.
Total: 2.837100 ms (FindLiveObjects: 0.173600 ms CreateObjectMapping: 0.067600 ms MarkObjects: 2.529700 ms  DeleteObjects: 0.065200 ms)

AssetImportParameters requested are different than current active one (requested -> active):
  custom:framework-win-MediaFoundation: 216162199b28c13a410421893ffa2e32 -> 
  custom:video-decoder-ogg-theora: a1e56fd34408186e4bbccfd4996cb3dc -> 
  custom:container-muxer-webm: aa71ff27fc2769a1b78a27578f13a17b -> 
  custom:container-demuxer-webm: 4f35f7cbe854078d1ac9338744f61a02 -> 
  custom:container-demuxer-ogg: 62fdf1f143b41e24485cea50d1cbac27 -> 
  custom:video-encoder-webm-vp8: eb34c28f22e8b96e1ab97ce403110664 -> 
  custom:video-decoder-webm-vp8: 9c59270c3fd7afecdb556c50c9e8de78 -> 
  custom:audio-decoder-ogg-vorbis: bf7c407c2cedff20999df2af8eb42d56 -> 
  custom:audio-encoder-webm-vorbis: bf7c407c2cedff20999df2af8eb42d56 -> 
========================================================================
Received Import Request.
  path: Assets/KinematicSoup
  artifactKey: Guid(38fb94aa75f682a4a99186473a2e1b08) Importer(815301076,1909f56bfc062723c751e8b465ee728b)
Start importing Assets/KinematicSoup using Guid(38fb94aa75f682a4a99186473a2e1b08) Importer(815301076,1909f56bfc062723c751e8b465ee728b)  -> (artifact id: 'd3245de80809d651e897d0a52918cfa6') in 0.008552 seconds 
  Import took 0.011891 seconds .

========================================================================
Received Import Request.
  Time since last request: 0.917535 seconds.
  path: Assets/KinematicSoup/SceneFusion
  artifactKey: Guid(1b1b6f5dedbef834186109405cee904a) Importer(815301076,1909f56bfc062723c751e8b465ee728b)
Start importing Assets/KinematicSoup/SceneFusion using Guid(1b1b6f5dedbef834186109405cee904a) Importer(815301076,1909f56bfc062723c751e8b465ee728b)  -> (artifact id: 'd58ce0399f8ef0376fae4de8457a6aee') in 0.006779 seconds 
  Import took 0.009883 seconds .

========================================================================
Received Import Request.
  Time since last request: 0.213631 seconds.
  path: Assets/KinematicSoup/SceneFusion/ksAvatar.prefab
  artifactKey: Guid(be540876b3a851a40984534fe59c1ef5) Importer(815301076,1909f56bfc062723c751e8b465ee728b)
Start importing Assets/KinematicSoup/SceneFusion/ksAvatar.prefab using Guid(be540876b3a851a40984534fe59c1ef5) Importer(815301076,1909f56bfc062723c751e8b465ee728b)  -> (artifact id: 'bbc4991d878f8f8cf61676a3cab61543') in 0.314822 seconds 
  Import took 0.318182 seconds .

========================================================================
Received Import Request.
  Time since last request: 0.000137 seconds.
  path: Assets/KinematicSoup/SceneFusion/ksVive.prefab
  artifactKey: Guid(e18b8aca51a0ccf4299c7221d5d97e62) Importer(815301076,1909f56bfc062723c751e8b465ee728b)
Start importing Assets/KinematicSoup/SceneFusion/ksVive.prefab using Guid(e18b8aca51a0ccf4299c7221d5d97e62) Importer(815301076,1909f56bfc062723c751e8b465ee728b)  -> (artifact id: 'b07877c74511690a427cec789ea2948c') in 0.018939 seconds 
  Import took 0.022893 seconds .

========================================================================
Received Import Request.
  Time since last request: 0.000160 seconds.
  path: Assets/KinematicSoup/SceneFusion/ksOculusRight.prefab
  artifactKey: Guid(61c1926ea12c7ed48a8b8b432fb77920) Importer(815301076,1909f56bfc062723c751e8b465ee728b)
Start importing Assets/KinematicSoup/SceneFusion/ksOculusRight.prefab using Guid(61c1926ea12c7ed48a8b8b432fb77920) Importer(815301076,1909f56bfc062723c751e8b465ee728b)  -> (artifact id: '71d8948a24c84d3a57b56f39fda97b38') in 0.016030 seconds 
  Import took 0.019130 seconds .

========================================================================
Received Import Request.
  Time since last request: 0.000246 seconds.
  path: Assets/KinematicSoup/SceneFusion/ksCam.prefab
  artifactKey: Guid(27899328724736747acbe9c2f50e4907) Importer(815301076,1909f56bfc062723c751e8b465ee728b)
Start importing Assets/KinematicSoup/SceneFusion/ksCam.prefab using Guid(27899328724736747acbe9c2f50e4907) Importer(815301076,1909f56bfc062723c751e8b465ee728b)  -> (artifact id: 'a340b8dc3577b4c2e5dca290f280d6bb') in 0.015378 seconds 
  Import took 0.019182 seconds .

========================================================================
Received Import Request.
  Time since last request: 0.000162 seconds.
  path: Assets/KinematicSoup/SceneFusion/ksOculusLeft.prefab
  artifactKey: Guid(3bbdda71f31e6e74991295d45337ee12) Importer(815301076,1909f56bfc062723c751e8b465ee728b)
Start importing Assets/KinematicSoup/SceneFusion/ksOculusLeft.prefab using Guid(3bbdda71f31e6e74991295d45337ee12) Importer(815301076,1909f56bfc062723c751e8b465ee728b)  -> (artifact id: '235715b75baaee60cabebce46007f55c') in 0.013335 seconds 
  Import took 0.016438 seconds .

========================================================================
Received Import Request.
  Time since last request: 18.885942 seconds.
  path: Assets/Scenes/SampleScene.unity
  artifactKey: Guid(2cda990e2423bbf4892e6590ba056729) Importer(815301076,1909f56bfc062723c751e8b465ee728b)
Start importing Assets/Scenes/SampleScene.unity using Guid(2cda990e2423bbf4892e6590ba056729) Importer(815301076,1909f56bfc062723c751e8b465ee728b)  -> (artifact id: 'aa27944bdea339c97c39027c7eea529c') in 0.007290 seconds 
  Import took 0.012446 seconds .

========================================================================
Received Import Request.
  Time since last request: 1910.840127 seconds.
  path: Assets/NewBehaviourScript.cs
  artifactKey: Guid(37e54c714757dd146a9fbc342077acbd) Importer(815301076,1909f56bfc062723c751e8b465ee728b)
Start importing Assets/NewBehaviourScript.cs using Guid(37e54c714757dd146a9fbc342077acbd) Importer(815301076,1909f56bfc062723c751e8b465ee728b)  -> (artifact id: 'a012e0c7f3e497448e98e4530f074ba5') in 0.016372 seconds 
  Import took 0.020915 seconds .

========================================================================
Received Prepare
Registering precompiled user dll's ...
Registered in 0.004256 seconds.
Begin MonoManager ReloadAssembly
Native extension for WindowsStandalone target not found
Refreshing native plugins compatible for Editor in 0.50 ms, found 3 plugins.
Preloading 0 native plugins for Editor in 0.00 ms.
Instance of FusionRoot couldn't be created because there is no script with that name.
UnityEngine.StackTraceUtility:ExtractStackTrace ()
UnityEngine.ScriptableObject:CreateInstance (string)
KS.SceneFusion.sfPaths:FindFusionRoot ()
KS.SceneFusion.sfPaths:get_FusionRoot ()
KS.SceneFusion.Client.Editor.PluginExtensionManager:GetAsmdefAssetPath (string)
KS.SceneFusion.Client.Editor.PluginExtensionManager:UpdateReferencesToPluginAssemblies (string,string[],bool)
KS.SceneFusion.API.sfUtility:RemovePluginReferences (string,string[])
KS.SceneFusion.Extensions.ProBuilderExtension:.cctor () (at Assets/KinematicSoup/SceneFusion/Extensions/ProBuilder/Editor/ProBuilderExtension.cs:294)
System.Runtime.CompilerServices.RuntimeHelpers:RunClassConstructor (System.RuntimeTypeHandle)
UnityEditor.EditorAssemblies:ProcessInitializeOnLoadAttributes (System.Type[])

[Assets/KinematicSoup/SceneFusion/Extensions/ProBuilder/Editor/ProBuilderExtension.cs line 294]

[ERROR; KS.SceneFusion.sfPaths] Error detecting Scene Fusion folder: Unable to load script FusionRoot. Setting Scene Fusion folder to Assets/KinematicSoup/SceneFusion/
UnityEngine.StackTraceUtility:ExtractStackTrace ()
UnityEngine.DebugLogHandler:LogFormat (UnityEngine.LogType,UnityEngine.Object,string,object[])
UnityEngine.Logger:Log (UnityEngine.LogType,object,UnityEngine.Object)
UnityEngine.Debug:LogError (object,UnityEngine.Object)
KS.Reactor.ksLog:LogToUnity (KS.Reactor.ksLog/Level,string,string,System.Exception,object)
KS.Reactor.ksLog:HandleLog (string,string,string,System.Exception,KS.Reactor.ksLog/Level,object)
KS.Reactor.ksLog:Log<string> (string,string,System.Exception,KS.Reactor.ksLog/Level,object)
KS.Reactor.ksLog:Error<string> (string,string)
KS.SceneFusion.sfPaths:UseDefaultFusionFolder (string)
KS.SceneFusion.sfPaths:FindFusionRoot ()
KS.SceneFusion.sfPaths:get_FusionRoot ()
KS.SceneFusion.Client.Editor.PluginExtensionManager:GetAsmdefAssetPath (string)
KS.SceneFusion.Client.Editor.PluginExtensionManager:UpdateReferencesToPluginAssemblies (string,string[],bool)
KS.SceneFusion.API.sfUtility:RemovePluginReferences (string,string[])
KS.SceneFusion.Extensions.ProBuilderExtension:.cctor () (at Assets/KinematicSoup/SceneFusion/Extensions/ProBuilder/Editor/ProBuilderExtension.cs:294)
System.Runtime.CompilerServices.RuntimeHelpers:RunClassConstructor (System.RuntimeTypeHandle)
UnityEditor.EditorAssemblies:ProcessInitializeOnLoadAttributes (System.Type[])

(Filename: Assets/KinematicSoup/SceneFusion/Extensions/ProBuilder/Editor/ProBuilderExtension.cs Line: 294)

Mono: successfully reloaded assembly
- Completed reload, in  0.876 seconds
Domain Reload Profiling:
	ReloadAssembly (876ms)
		BeginReloadAssembly (91ms)
			ExecutionOrderSort (0ms)
			DisableScriptedObjects (5ms)
			BackupInstance (0ms)
			ReleaseScriptingObjects (0ms)
			CreateAndSetChildDomain (32ms)
		EndReloadAssembly (735ms)
			LoadAssemblies (71ms)
			RebuildTransferFunctionScriptingTraits (0ms)
			SetupTypeCache (301ms)
			ReleaseScriptCaches (1ms)
			RebuildScriptCaches (36ms)
			SetupLoadedEditorAssemblies (240ms)
				LogAssemblyErrors (0ms)
				InitializePlatformSupportModulesInManaged (4ms)
				SetLoadedEditorAssemblies (0ms)
				RefreshPlugins (1ms)
				BeforeProcessingInitializeOnLoad (46ms)
				ProcessInitializeOnLoadAttributes (176ms)
				ProcessInitializeOnLoadMethodAttributes (9ms)
				AfterProcessingInitializeOnLoad (4ms)
				EditorAssembliesLoaded (0ms)
			ExecutionOrderSort2 (0ms)
			AwakeInstancesAfterBackupRestoration (7ms)
Platform modules already initialized, skipping
Refreshing native plugins compatible for Editor in 0.43 ms, found 3 plugins.
Preloading 0 native plugins for Editor in 0.00 ms.
Unloading 2196 Unused Serialized files (Serialized files now loaded: 0)
System memory in use before: 99.0 MB.
System memory in use after: 99.1 MB.

Unloading 21 unused Assets to reduce memory usage. Loaded Objects now: 2679.
Total: 2.740800 ms (FindLiveObjects: 0.239100 ms CreateObjectMapping: 0.084100 ms MarkObjects: 2.398300 ms  DeleteObjects: 0.018300 ms)

AssetImportParameters requested are different than current active one (requested -> active):
  custom:framework-win-MediaFoundation: 216162199b28c13a410421893ffa2e32 -> 
  custom:video-decoder-ogg-theora: a1e56fd34408186e4bbccfd4996cb3dc -> 
  custom:container-muxer-webm: aa71ff27fc2769a1b78a27578f13a17b -> 
  custom:container-demuxer-webm: 4f35f7cbe854078d1ac9338744f61a02 -> 
  custom:container-demuxer-ogg: 62fdf1f143b41e24485cea50d1cbac27 -> 
  custom:video-encoder-webm-vp8: eb34c28f22e8b96e1ab97ce403110664 -> 
  custom:video-decoder-webm-vp8: 9c59270c3fd7afecdb556c50c9e8de78 -> 
  custom:audio-decoder-ogg-vorbis: bf7c407c2cedff20999df2af8eb42d56 -> 
  custom:audio-encoder-webm-vorbis: bf7c407c2cedff20999df2af8eb42d56 -> 
========================================================================
Received Import Request.
  Time since last request: 14.273651 seconds.
  path: Assets/New Folder
  artifactKey: Guid(79a9cd6f46b867c409c8712ea923d0db) Importer(815301076,1909f56bfc062723c751e8b465ee728b)
Start importing Assets/New Folder using Guid(79a9cd6f46b867c409c8712ea923d0db) Importer(815301076,1909f56bfc062723c751e8b465ee728b)  -> (artifact id: '1f3015172bae3975f82948feb8af0e93') in 0.008426 seconds 
  Import took 0.011501 seconds .

========================================================================
Received Import Request.
  Time since last request: 5.513025 seconds.
  path: Assets/Scripts
  artifactKey: Guid(79a9cd6f46b867c409c8712ea923d0db) Importer(815301076,1909f56bfc062723c751e8b465ee728b)
Start importing Assets/Scripts using Guid(79a9cd6f46b867c409c8712ea923d0db) Importer(815301076,1909f56bfc062723c751e8b465ee728b)  -> (artifact id: '42fe073ca7c66d8fc67be4232a28b0b0') in 0.007905 seconds 
  Import took 0.010820 seconds .

========================================================================
Received Prepare
Registering precompiled user dll's ...
Registered in 0.004372 seconds.
Begin MonoManager ReloadAssembly
Native extension for WindowsStandalone target not found
Refreshing native plugins compatible for Editor in 0.61 ms, found 3 plugins.
Preloading 0 native plugins for Editor in 0.00 ms.
Instance of FusionRoot couldn't be created because there is no script with that name.
UnityEngine.StackTraceUtility:ExtractStackTrace ()
UnityEngine.ScriptableObject:CreateInstance (string)
KS.SceneFusion.sfPaths:FindFusionRoot ()
KS.SceneFusion.sfPaths:get_FusionRoot ()
KS.SceneFusion.Client.Editor.PluginExtensionManager:GetAsmdefAssetPath (string)
KS.SceneFusion.Client.Editor.PluginExtensionManager:UpdateReferencesToPluginAssemblies (string,string[],bool)
KS.SceneFusion.API.sfUtility:RemovePluginReferences (string,string[])
KS.SceneFusion.Extensions.ProBuilderExtension:.cctor () (at Assets/KinematicSoup/SceneFusion/Extensions/ProBuilder/Editor/ProBuilderExtension.cs:294)
System.Runtime.CompilerServices.RuntimeHelpers:RunClassConstructor (System.RuntimeTypeHandle)
UnityEditor.EditorAssemblies:ProcessInitializeOnLoadAttributes (System.Type[])

[Assets/KinematicSoup/SceneFusion/Extensions/ProBuilder/Editor/ProBuilderExtension.cs line 294]

[ERROR; KS.SceneFusion.sfPaths] Error detecting Scene Fusion folder: Unable to load script FusionRoot. Setting Scene Fusion folder to Assets/KinematicSoup/SceneFusion/
UnityEngine.StackTraceUtility:ExtractStackTrace ()
UnityEngine.DebugLogHandler:LogFormat (UnityEngine.LogType,UnityEngine.Object,string,object[])
UnityEngine.Logger:Log (UnityEngine.LogType,object,UnityEngine.Object)
UnityEngine.Debug:LogError (object,UnityEngine.Object)
KS.Reactor.ksLog:LogToUnity (KS.Reactor.ksLog/Level,string,string,System.Exception,object)
KS.Reactor.ksLog:HandleLog (string,string,string,System.Exception,KS.Reactor.ksLog/Level,object)
KS.Reactor.ksLog:Log<string> (string,string,System.Exception,KS.Reactor.ksLog/Level,object)
KS.Reactor.ksLog:Error<string> (string,string)
KS.SceneFusion.sfPaths:UseDefaultFusionFolder (string)
KS.SceneFusion.sfPaths:FindFusionRoot ()
KS.SceneFusion.sfPaths:get_FusionRoot ()
KS.SceneFusion.Client.Editor.PluginExtensionManager:GetAsmdefAssetPath (string)
KS.SceneFusion.Client.Editor.PluginExtensionManager:UpdateReferencesToPluginAssemblies (string,string[],bool)
KS.SceneFusion.API.sfUtility:RemovePluginReferences (string,string[])
KS.SceneFusion.Extensions.ProBuilderExtension:.cctor () (at Assets/KinematicSoup/SceneFusion/Extensions/ProBuilder/Editor/ProBuilderExtension.cs:294)
System.Runtime.CompilerServices.RuntimeHelpers:RunClassConstructor (System.RuntimeTypeHandle)
UnityEditor.EditorAssemblies:ProcessInitializeOnLoadAttributes (System.Type[])

(Filename: Assets/KinematicSoup/SceneFusion/Extensions/ProBuilder/Editor/ProBuilderExtension.cs Line: 294)

Mono: successfully reloaded assembly
- Completed reload, in  0.903 seconds
Domain Reload Profiling:
	ReloadAssembly (903ms)
		BeginReloadAssembly (87ms)
			ExecutionOrderSort (0ms)
			DisableScriptedObjects (5ms)
			BackupInstance (0ms)
			ReleaseScriptingObjects (0ms)
			CreateAndSetChildDomain (31ms)
		EndReloadAssembly (766ms)
			LoadAssemblies (70ms)
			RebuildTransferFunctionScriptingTraits (0ms)
			SetupTypeCache (277ms)
			ReleaseScriptCaches (1ms)
			RebuildScriptCaches (45ms)
			SetupLoadedEditorAssemblies (273ms)
				LogAssemblyErrors (0ms)
				InitializePlatformSupportModulesInManaged (4ms)
				SetLoadedEditorAssemblies (0ms)
				RefreshPlugins (1ms)
				BeforeProcessingInitializeOnLoad (52ms)
				ProcessInitializeOnLoadAttributes (201ms)
				ProcessInitializeOnLoadMethodAttributes (11ms)
				AfterProcessingInitializeOnLoad (4ms)
				EditorAssembliesLoaded (0ms)
			ExecutionOrderSort2 (0ms)
			AwakeInstancesAfterBackupRestoration (8ms)
Platform modules already initialized, skipping
Refreshing native plugins compatible for Editor in 0.53 ms, found 3 plugins.
Preloading 0 native plugins for Editor in 0.00 ms.
Unloading 2196 Unused Serialized files (Serialized files now loaded: 0)
System memory in use before: 99.0 MB.
System memory in use after: 99.1 MB.

Unloading 21 unused Assets to reduce memory usage. Loaded Objects now: 2681.
Total: 2.808600 ms (FindLiveObjects: 0.208100 ms CreateObjectMapping: 0.079000 ms MarkObjects: 2.497200 ms  DeleteObjects: 0.023100 ms)

AssetImportParameters requested are different than current active one (requested -> active):
  custom:framework-win-MediaFoundation: 216162199b28c13a410421893ffa2e32 -> 
  custom:video-decoder-ogg-theora: a1e56fd34408186e4bbccfd4996cb3dc -> 
  custom:container-muxer-webm: aa71ff27fc2769a1b78a27578f13a17b -> 
  custom:container-demuxer-webm: 4f35f7cbe854078d1ac9338744f61a02 -> 
  custom:container-demuxer-ogg: 62fdf1f143b41e24485cea50d1cbac27 -> 
  custom:video-encoder-webm-vp8: eb34c28f22e8b96e1ab97ce403110664 -> 
  custom:video-decoder-webm-vp8: 9c59270c3fd7afecdb556c50c9e8de78 -> 
  custom:audio-decoder-ogg-vorbis: bf7c407c2cedff20999df2af8eb42d56 -> 
  custom:audio-encoder-webm-vorbis: bf7c407c2cedff20999df2af8eb42d56 -> 
AssetImportWorkerClient::OnTransportError - code=2 error=End of file
